f:\suanfa\suanfac\suanfati\huffmantree\debug\vc120.pdb
f:\suanfa\suanfac\suanfati\huffmantree\debug\vc120.idb
f:\suanfa\suanfac\suanfati\huffmantree\debug\huffmantree.obj
f:\suanfa\suanfac\suanfati\debug\huffmantree.pdb
f:\suanfa\suanfac\suanfati\huffmantree\debug\huffmantree.tlog\cl.command.1.tlog
f:\suanfa\suanfac\suanfati\huffmantree\debug\huffmantree.tlog\cl.read.1.tlog
f:\suanfa\suanfac\suanfati\huffmantree\debug\huffmantree.tlog\cl.write.1.tlog
f:\suanfa\suanfac\suanfati\huffmantree\debug\huffmantree.tlog\link-cvtres.read.1.tlog
f:\suanfa\suanfac\suanfati\huffmantree\debug\huffmantree.tlog\link-cvtres.write.1.tlog
f:\suanfa\suanfac\suanfati\huffmantree\debug\huffmantree.tlog\link-rc.read.1.tlog
f:\suanfa\suanfac\suanfati\huffmantree\debug\huffmantree.tlog\link-rc.write.1.tlog
f:\suanfa\suanfac\suanfati\huffmantree\debug\huffmantree.tlog\link.4940-cvtres.read.1.tlog
f:\suanfa\suanfac\suanfati\huffmantree\debug\huffmantree.tlog\link.4940-cvtres.write.1.tlog
f:\suanfa\suanfac\suanfati\huffmantree\debug\huffmantree.tlog\link.4940-rc.read.1.tlog
f:\suanfa\suanfac\suanfati\huffmantree\debug\huffmantree.tlog\link.4940-rc.write.1.tlog
f:\suanfa\suanfac\suanfati\huffmantree\debug\huffmantree.tlog\link.4940.read.1.tlog
f:\suanfa\suanfac\suanfati\huffmantree\debug\huffmantree.tlog\link.4940.write.1.tlog
f:\suanfa\suanfac\suanfati\huffmantree\debug\huffmantree.tlog\link.command.1.tlog
f:\suanfa\suanfac\suanfati\huffmantree\debug\huffmantree.tlog\link.read.1.tlog
f:\suanfa\suanfac\suanfati\huffmantree\debug\huffmantree.tlog\link.write.1.tlog
