f:\suanfa\suanfac\suanfati\charusort\debug\vc120.pdb
f:\suanfa\suanfac\suanfati\charusort\debug\vc120.idb
f:\suanfa\suanfac\suanfati\charusort\debug\insertsort.obj
f:\suanfa\suanfac\suanfati\debug\charusort.pdb
f:\suanfa\suanfac\suanfati\charusort\debug\charusort.tlog\cl.command.1.tlog
f:\suanfa\suanfac\suanfati\charusort\debug\charusort.tlog\cl.read.1.tlog
f:\suanfa\suanfac\suanfati\charusort\debug\charusort.tlog\cl.write.1.tlog
f:\suanfa\suanfac\suanfati\charusort\debug\charusort.tlog\link-cvtres.read.1.tlog
f:\suanfa\suanfac\suanfati\charusort\debug\charusort.tlog\link-cvtres.write.1.tlog
f:\suanfa\suanfac\suanfati\charusort\debug\charusort.tlog\link-rc.read.1.tlog
f:\suanfa\suanfac\suanfati\charusort\debug\charusort.tlog\link-rc.write.1.tlog
f:\suanfa\suanfac\suanfati\charusort\debug\charusort.tlog\link.7036-cvtres.read.1.tlog
f:\suanfa\suanfac\suanfati\charusort\debug\charusort.tlog\link.7036-cvtres.write.1.tlog
f:\suanfa\suanfac\suanfati\charusort\debug\charusort.tlog\link.7036-rc.read.1.tlog
f:\suanfa\suanfac\suanfati\charusort\debug\charusort.tlog\link.7036-rc.write.1.tlog
f:\suanfa\suanfac\suanfati\charusort\debug\charusort.tlog\link.7036.read.1.tlog
f:\suanfa\suanfac\suanfati\charusort\debug\charusort.tlog\link.7036.write.1.tlog
f:\suanfa\suanfac\suanfati\charusort\debug\charusort.tlog\link.command.1.tlog
f:\suanfa\suanfac\suanfati\charusort\debug\charusort.tlog\link.read.1.tlog
f:\suanfa\suanfac\suanfati\charusort\debug\charusort.tlog\link.write.1.tlog
